\BOOKMARK [0][-]{chapter.1}{\376\377\000I\000n\000t\000r\000o\000d\000u\000c\000t\000i\000o\000n}{}% 1
\BOOKMARK [1][-]{section.1.1}{\376\377\000P\000r\000o\000b\000l\000e\000m\000\040\000S\000t\000a\000t\000e\000m\000e\000n\000t}{chapter.1}% 2
\BOOKMARK [1][-]{section.1.2}{\376\377\000S\000t\000a\000k\000e\000h\000o\000l\000d\000e\000r\000\040\000C\000o\000n\000t\000e\000x\000t}{chapter.1}% 3
\BOOKMARK [1][-]{section.1.3}{\376\377\000O\000b\000j\000e\000c\000t\000i\000v\000e\000s\000\040\000\046\000\040\000S\000u\000c\000c\000e\000s\000s\000\040\000M\000e\000t\000r\000i\000c\000s}{chapter.1}% 4
\BOOKMARK [1][-]{section.1.4}{\376\377\000P\000r\000o\000j\000e\000c\000t\000\040\000S\000c\000o\000p\000e}{chapter.1}% 5
\BOOKMARK [1][-]{section.1.5}{\376\377\000D\000o\000c\000u\000m\000e\000n\000t\000\040\000S\000t\000r\000u\000c\000t\000u\000r\000e}{chapter.1}% 6
\BOOKMARK [0][-]{chapter.2}{\376\377\000G\000a\000m\000e\000\040\000E\000n\000v\000i\000r\000o\000n\000m\000e\000n\000t\000\040\000\046\000\040\000B\000a\000t\000t\000l\000e\000\040\000M\000e\000c\000h\000a\000n\000i\000c\000s}{}% 7
\BOOKMARK [1][-]{section.2.1}{\376\377\000P\000o\000k\000\351\000m\000o\000n\000\040\000B\000a\000t\000t\000l\000e\000s\040\024\000O\000v\000e\000r\000v\000i\000e\000w}{chapter.2}% 8
\BOOKMARK [2][-]{subsection.2.1.1}{\376\377\000T\000u\000r\000n\000\040\000S\000t\000r\000u\000c\000t\000u\000r\000e}{section.2.1}% 9
\BOOKMARK [2][-]{subsection.2.1.2}{\376\377\000P\000o\000k\000\351\000m\000o\000n\000\040\000A\000n\000a\000t\000o\000m\000y}{section.2.1}% 10
\BOOKMARK [2][-]{subsection.2.1.3}{\376\377\000D\000a\000m\000a\000g\000e\000\040\000\046\000\040\000T\000y\000p\000i\000n\000g}{section.2.1}% 11
\BOOKMARK [2][-]{subsection.2.1.4}{\376\377\000W\000i\000n\000n\000i\000n\000g\000\040\000\046\000\040\000L\000o\000s\000i\000n\000g}{section.2.1}% 12
\BOOKMARK [1][-]{section.2.2}{\376\377\000P\000o\000k\000\351\000m\000o\000n\000\040\000S\000h\000o\000w\000d\000o\000w\000n\000\040\000S\000i\000m\000u\000l\000a\000t\000o\000r}{chapter.2}% 13
\BOOKMARK [1][-]{section.2.3}{\376\377\000p\000o\000k\000e\000-\000e\000n\000v\000\040\000P\000y\000t\000h\000o\000n\000\040\000L\000i\000b\000r\000a\000r\000y}{chapter.2}% 14
\BOOKMARK [1][-]{section.2.4}{\376\377\000P\000o\000k\000\351\000m\000o\000n\000\040\000B\000r\000i\000l\000l\000i\000a\000n\000t\000\040\000D\000i\000a\000m\000o\000n\000d\000\040\000C\000o\000n\000t\000e\000x\000t}{chapter.2}% 15
\BOOKMARK [0][-]{chapter.3}{\376\377\000C\000h\000a\000l\000l\000e\000n\000g\000e\000\040\000M\000o\000d\000e\000l\000\040\000\046\000\040\000D\000a\000t\000a\000\040\000P\000r\000o\000v\000e\000n\000a\000n\000c\000e}{}% 16
\BOOKMARK [1][-]{section.3.1}{\376\377\000C\000h\000a\000l\000l\000e\000n\000g\000e\000\040\000D\000e\000f\000i\000n\000i\000t\000i\000o\000n}{chapter.3}% 17
\BOOKMARK [2][-]{subsection.3.1.1}{\376\377\000R\000e\000s\000o\000u\000r\000c\000e\000\040\000M\000a\000n\000a\000g\000e\000m\000e\000n\000t\000\040\000B\000e\000t\000w\000e\000e\000n\000\040\000B\000a\000t\000t\000l\000e\000s}{section.3.1}% 18
\BOOKMARK [1][-]{section.3.2}{\376\377\000M\000i\000l\000e\000s\000t\000o\000n\000e\000\040\000R\000o\000a\000d\000m\000a\000p}{chapter.3}% 19
\BOOKMARK [1][-]{section.3.3}{\376\377\000D\000a\000t\000a\000\040\000P\000r\000o\000v\000e\000n\000a\000n\000c\000e}{chapter.3}% 20
\BOOKMARK [2][-]{subsection.3.3.1}{\376\377\000B\000D\000S\000P\000\040\000T\000r\000a\000i\000n\000e\000r\000\040\000D\000a\000t\000a\000s\000e\000t}{section.3.3}% 21
\BOOKMARK [2][-]{subsection.3.3.2}{\376\377\000V\000o\000c\000a\000b\000u\000l\000a\000r\000y\000\040\000F\000i\000l\000e\000s}{section.3.3}% 22
\BOOKMARK [2][-]{subsection.3.3.3}{\376\377\000V\000a\000l\000i\000d\000a\000t\000i\000o\000n\000\040\000T\000e\000a\000m\000\040\000M\000a\000n\000i\000f\000e\000s\000t\000s}{section.3.3}% 23
\BOOKMARK [1][-]{section.3.4}{\376\377\000D\000a\000t\000a\000\040\000P\000r\000e\000p\000r\000o\000c\000e\000s\000s\000i\000n\000g\000\040\000P\000i\000p\000e\000l\000i\000n\000e}{chapter.3}% 24
\BOOKMARK [0][-]{chapter.4}{\376\377\000R\000e\000i\000n\000f\000o\000r\000c\000e\000m\000e\000n\000t\000\040\000L\000e\000a\000r\000n\000i\000n\000g\000\040\000F\000r\000a\000m\000e\000w\000o\000r\000k}{}% 25
\BOOKMARK [1][-]{section.4.1}{\376\377\000M\000D\000P\000\040\000F\000o\000r\000m\000u\000l\000a\000t\000i\000o\000n}{chapter.4}% 26
\BOOKMARK [1][-]{section.4.2}{\376\377\000P\000P\000O\000\040\000A\000l\000g\000o\000r\000i\000t\000h\000m}{chapter.4}% 27
\BOOKMARK [1][-]{section.4.3}{\376\377\000R\000e\000w\000a\000r\000d\000\040\000D\000e\000s\000i\000g\000n}{chapter.4}% 28
\BOOKMARK [2][-]{subsection.4.3.1}{\376\377\000C\000u\000r\000r\000i\000c\000u\000l\000u\000m\000-\000S\000t\000a\000g\000e\000\040\000R\000e\000w\000a\000r\000d\000\040\000V\000a\000r\000i\000a\000n\000t\000s}{section.4.3}% 29
\BOOKMARK [1][-]{section.4.4}{\376\377\000C\000u\000r\000r\000i\000c\000u\000l\000u\000m\000\040\000L\000e\000a\000r\000n\000i\000n\000g}{chapter.4}% 30
\BOOKMARK [1][-]{section.4.5}{\376\377\000S\000e\000l\000f\000-\000P\000l\000a\000y\000\040\000M\000e\000c\000h\000a\000n\000i\000s\000m}{chapter.4}% 31
\BOOKMARK [1][-]{section.4.6}{\376\377\000O\000p\000p\000o\000n\000e\000n\000t\000\040\000T\000y\000p\000e\000s}{chapter.4}% 32
\BOOKMARK [0][-]{chapter.5}{\376\377\000S\000y\000s\000t\000e\000m\000\040\000A\000r\000c\000h\000i\000t\000e\000c\000t\000u\000r\000e}{}% 33
\BOOKMARK [1][-]{section.5.1}{\376\377\000O\000v\000e\000r\000v\000i\000e\000w}{chapter.5}% 34
\BOOKMARK [1][-]{section.5.2}{\376\377\000O\000b\000s\000e\000r\000v\000a\000t\000i\000o\000n\000\040\000S\000p\000a\000c\000e}{chapter.5}% 35
\BOOKMARK [2][-]{subsection.5.2.1}{\376\377\000T\000o\000k\000e\000n\000\040\000L\000a\000y\000o\000u\000t}{section.5.2}% 36
\BOOKMARK [1][-]{section.5.3}{\376\377\000E\000m\000b\000e\000d\000d\000i\000n\000g\000\040\000L\000a\000y\000e\000r\000s}{chapter.5}% 37
\BOOKMARK [2][-]{subsection.5.3.1}{\376\377\000F\000r\000o\000m\000\040\000H\000a\000s\000h\000e\000s\000\040\000t\000o\000\040\000D\000i\000c\000t\000i\000o\000n\000a\000r\000i\000e\000s}{section.5.3}% 38
\BOOKMARK [1][-]{section.5.4}{\376\377\000P\000o\000s\000i\000t\000i\000o\000n\000\040\000\046\000\040\000R\000o\000l\000e\000\040\000E\000m\000b\000e\000d\000d\000i\000n\000g\000s}{chapter.5}% 39
\BOOKMARK [1][-]{section.5.5}{\376\377\000T\000r\000a\000n\000s\000f\000o\000r\000m\000e\000r\000\040\000E\000n\000c\000o\000d\000e\000r}{chapter.5}% 40
\BOOKMARK [2][-]{subsection.5.5.1}{\376\377\000C\000r\000o\000s\000s\000-\000T\000e\000a\000m\000\040\000A\000t\000t\000e\000n\000t\000i\000o\000n\000\040\000B\000i\000a\000s}{section.5.5}% 41
\BOOKMARK [1][-]{section.5.6}{\376\377\000A\000c\000t\000i\000o\000n\000\040\000S\000p\000a\000c\000e}{chapter.5}% 42
\BOOKMARK [2][-]{subsection.5.6.1}{\376\377\000A\000c\000t\000i\000o\000n\000\040\000M\000a\000s\000k\000i\000n\000g}{section.5.6}% 43
\BOOKMARK [1][-]{section.5.7}{\376\377\000L\000S\000T\000M\000\040\000M\000e\000m\000o\000r\000y}{chapter.5}% 44
\BOOKMARK [1][-]{section.5.8}{\376\377\000P\000o\000l\000i\000c\000y\000\040\000\046\000\040\000V\000a\000l\000u\000e\000\040\000H\000e\000a\000d\000s}{chapter.5}% 45
\BOOKMARK [1][-]{section.5.9}{\376\377\000M\000o\000d\000e\000l\000\040\000S\000i\000z\000e}{chapter.5}% 46
\BOOKMARK [0][-]{chapter.6}{\376\377\000T\000r\000a\000i\000n\000i\000n\000g\000\040\000I\000n\000f\000r\000a\000s\000t\000r\000u\000c\000t\000u\000r\000e\000\040\000\046\000\040\000E\000x\000p\000e\000r\000i\000m\000e\000n\000t\000\040\000T\000r\000a\000c\000k\000i\000n\000g}{}% 47
\BOOKMARK [1][-]{section.6.1}{\376\377\000D\000i\000s\000t\000r\000i\000b\000u\000t\000e\000d\000\040\000T\000r\000a\000i\000n\000i\000n\000g\000\040\000A\000r\000c\000h\000i\000t\000e\000c\000t\000u\000r\000e}{chapter.6}% 48
\BOOKMARK [1][-]{section.6.2}{\376\377\000H\000a\000r\000d\000w\000a\000r\000e}{chapter.6}% 49
\BOOKMARK [1][-]{section.6.3}{\376\377\000C\000o\000n\000f\000i\000g\000u\000r\000a\000t\000i\000o\000n\000\040\000P\000r\000e\000s\000e\000t\000s}{chapter.6}% 50
\BOOKMARK [1][-]{section.6.4}{\376\377\000P\000P\000O\000\040\000H\000y\000p\000e\000r\000p\000a\000r\000a\000m\000e\000t\000e\000r\000s}{chapter.6}% 51
\BOOKMARK [1][-]{section.6.5}{\376\377\000M\000L\000f\000l\000o\000w\000\040\000E\000x\000p\000e\000r\000i\000m\000e\000n\000t\000\040\000T\000r\000a\000c\000k\000i\000n\000g}{chapter.6}% 52
\BOOKMARK [1][-]{section.6.6}{\376\377\000C\000h\000e\000c\000k\000p\000o\000i\000n\000t\000\040\000M\000a\000n\000a\000g\000e\000m\000e\000n\000t}{chapter.6}% 53
\BOOKMARK [1][-]{section.6.7}{\376\377\000V\000a\000l\000i\000d\000a\000t\000i\000o\000n\000\040\000P\000i\000p\000e\000l\000i\000n\000e}{chapter.6}% 54
\BOOKMARK [1][-]{section.6.8}{\376\377\000T\000r\000a\000i\000n\000i\000n\000g\000\040\000T\000h\000r\000o\000u\000g\000h\000p\000u\000t}{chapter.6}% 55
\BOOKMARK [0][-]{chapter.7}{\376\377\000E\000x\000p\000e\000r\000i\000m\000e\000n\000t\000s\000\040\000\046\000\040\000I\000t\000e\000r\000a\000t\000i\000v\000e\000\040\000D\000e\000v\000e\000l\000o\000p\000m\000e\000n\000t}{}% 56
\BOOKMARK [1][-]{section.7.1}{\376\377\000P\000h\000a\000s\000e\000\040\0001\000:\000\040\000B\000a\000s\000e\000l\000i\000n\000e\000\040\000E\000s\000t\000a\000b\000l\000i\000s\000h\000m\000e\000n\000t}{chapter.7}% 57
\BOOKMARK [1][-]{section.7.2}{\376\377\000P\000h\000a\000s\000e\000\040\0002\000:\000\040\000V\000a\000l\000i\000d\000a\000t\000i\000o\000n\000\040\000I\000n\000f\000r\000a\000s\000t\000r\000u\000c\000t\000u\000r\000e}{chapter.7}% 58
\BOOKMARK [1][-]{section.7.3}{\376\377\000P\000h\000a\000s\000e\000\040\0003\000:\000\040\000V\000o\000c\000a\000b\000u\000l\000a\000r\000y\000\040\000\046\000\040\000I\000D\000\040\000M\000i\000g\000r\000a\000t\000i\000o\000n}{chapter.7}% 59
\BOOKMARK [1][-]{section.7.4}{\376\377\000P\000h\000a\000s\000e\000\040\0004\000:\000\040\000L\000o\000g\000g\000i\000n\000g\000\040\000\046\000\040\000M\000e\000t\000r\000i\000c\000s\000\040\000S\000t\000a\000n\000d\000a\000r\000d\000i\000s\000a\000t\000i\000o\000n}{chapter.7}% 60
\BOOKMARK [1][-]{section.7.5}{\376\377\000P\000h\000a\000s\000e\000\040\0005\000:\000\040\000E\000m\000b\000e\000d\000d\000i\000n\000g\000\040\000A\000u\000d\000i\000t\000\040\000\046\000\040\000G\000l\000o\000b\000a\000l\000\040\000F\000e\000a\000t\000u\000r\000e\000s}{chapter.7}% 61
\BOOKMARK [1][-]{section.7.6}{\376\377\000P\000h\000a\000s\000e\000\040\0006\000:\000\040\000P\000o\000s\000i\000t\000i\000o\000n\000\040\000\046\000\040\000R\000o\000l\000e\000\040\000E\000m\000b\000e\000d\000d\000i\000n\000g\000s}{chapter.7}% 62
\BOOKMARK [1][-]{section.7.7}{\376\377\000P\000h\000a\000s\000e\000\040\0007\000:\000\040\000C\000o\000m\000p\000r\000e\000s\000s\000e\000d\000\040\000A\000c\000t\000i\000o\000n\000\040\000S\000p\000a\000c\000e}{chapter.7}% 63
\BOOKMARK [1][-]{section.7.8}{\376\377\000P\000h\000a\000s\000e\000\040\0008\000:\000\040\000L\000S\000T\000M\000\040\000M\000e\000m\000o\000r\000y\000\040\000F\000i\000x}{chapter.7}% 64
\BOOKMARK [1][-]{section.7.9}{\376\377\000O\000b\000s\000e\000r\000v\000a\000t\000i\000o\000n\000\040\000P\000i\000p\000e\000l\000i\000n\000e\000\040\000I\000n\000v\000e\000s\000t\000i\000g\000a\000t\000i\000o\000n}{chapter.7}% 65
\BOOKMARK [1][-]{section.7.10}{\376\377\000A\000t\000t\000e\000n\000t\000i\000o\000n\000\040\000C\000o\000l\000l\000a\000p\000s\000e\000\040\000A\000n\000a\000l\000y\000s\000i\000s}{chapter.7}% 66
\BOOKMARK [1][-]{section.7.11}{\376\377\000P\000r\000e\000-\000n\000o\000r\000m\000\040\000\046\000\040\000A\000r\000c\000h\000i\000t\000e\000c\000t\000u\000r\000e\000\040\000E\000x\000p\000e\000r\000i\000m\000e\000n\000t\000s}{chapter.7}% 67
\BOOKMARK [1][-]{section.7.12}{\376\377\000C\000o\000n\000f\000i\000g\000u\000r\000a\000t\000i\000o\000n\000\040\000U\000p\000d\000a\000t\000e\000s\000\040\000\046\000\040\000L\000o\000s\000s\000\040\000A\000n\000a\000l\000y\000s\000i\000s}{chapter.7}% 68
\BOOKMARK [0][-]{chapter.8}{\376\377\000R\000e\000s\000u\000l\000t\000s\000\040\000\046\000\040\000A\000n\000a\000l\000y\000s\000i\000s}{}% 69
\BOOKMARK [1][-]{section.8.1}{\376\377\000C\000u\000r\000r\000i\000c\000u\000l\000u\000m\000\040\000S\000t\000a\000g\000e\000\040\000R\000e\000s\000u\000l\000t\000s}{chapter.8}% 70
\BOOKMARK [2][-]{subsection.8.1.1}{\376\377\000S\000t\000a\000g\000e\000\040\0001\000:\000\040\000R\000a\000n\000d\000o\000m\000\040\000W\000a\000r\000m\000u\000p}{section.8.1}% 71
\BOOKMARK [2][-]{subsection.8.1.2}{\376\377\000S\000t\000a\000g\000e\000\040\0002\000:\000\040\000S\000e\000l\000f\000-\000P\000l\000a\000y}{section.8.1}% 72
\BOOKMARK [2][-]{subsection.8.1.3}{\376\377\000S\000t\000a\000g\000e\000\040\0003\000:\000\040\000M\000i\000x\000e\000d\000\040\000O\000p\000p\000o\000n\000e\000n\000t\000s}{section.8.1}% 73
\BOOKMARK [1][-]{section.8.2}{\376\377\000V\000a\000l\000i\000d\000a\000t\000i\000o\000n\000\040\000C\000h\000e\000c\000k\000p\000o\000i\000n\000t\000\040\000R\000e\000s\000u\000l\000t\000s}{chapter.8}% 74
\BOOKMARK [1][-]{section.8.3}{\376\377\000L\000o\000s\000s\000\040\000M\000e\000t\000r\000i\000c\000s\000\040\000A\000n\000a\000l\000y\000s\000i\000s}{chapter.8}% 75
\BOOKMARK [1][-]{section.8.4}{\376\377\000A\000t\000t\000e\000n\000t\000i\000o\000n\000\040\000A\000n\000a\000l\000y\000s\000i\000s}{chapter.8}% 76
\BOOKMARK [1][-]{section.8.5}{\376\377\000K\000e\000y\000\040\000I\000n\000s\000i\000g\000h\000t\000:\000\040\000A\000r\000c\000h\000i\000t\000e\000c\000t\000u\000r\000e\000\040\000v\000s\000.\000\040\000R\000e\000w\000a\000r\000d\000\040\000S\000i\000g\000n\000a\000l}{chapter.8}% 77
\BOOKMARK [1][-]{section.8.6}{\376\377\000H\000o\000n\000e\000s\000t\000\040\000A\000s\000s\000e\000s\000s\000m\000e\000n\000t}{chapter.8}% 78
\BOOKMARK [0][-]{chapter.9}{\376\377\000R\000i\000s\000k\000,\000\040\000E\000t\000h\000i\000c\000s\000\040\000\046\000\040\000C\000o\000n\000s\000i\000d\000e\000r\000a\000t\000i\000o\000n\000s}{}% 79
\BOOKMARK [1][-]{section.9.1}{\376\377\000R\000i\000s\000k\000\040\000A\000s\000s\000e\000s\000s\000m\000e\000n\000t}{chapter.9}% 80
\BOOKMARK [2][-]{subsection.9.1.1}{\376\377\000T\000e\000c\000h\000n\000i\000c\000a\000l\000\040\000R\000i\000s\000k\000s}{section.9.1}% 81
\BOOKMARK [2][-]{subsection.9.1.2}{\376\377\000T\000i\000m\000e\000l\000i\000n\000e\000\040\000R\000i\000s\000k\000s}{section.9.1}% 82
\BOOKMARK [1][-]{section.9.2}{\376\377\000E\000t\000h\000i\000c\000a\000l\000\040\000C\000o\000n\000s\000i\000d\000e\000r\000a\000t\000i\000o\000n\000s}{chapter.9}% 83
\BOOKMARK [2][-]{subsection.9.2.1}{\376\377\000D\000o\000m\000a\000i\000n\000\040\000C\000o\000n\000t\000e\000x\000t}{section.9.2}% 84
\BOOKMARK [2][-]{subsection.9.2.2}{\376\377\000S\000o\000f\000t\000w\000a\000r\000e\000\040\000L\000i\000c\000e\000n\000c\000e\000s}{section.9.2}% 85
\BOOKMARK [2][-]{subsection.9.2.3}{\376\377\000E\000U\000\040\000A\000I\000\040\000A\000c\000t\000\040\000C\000l\000a\000s\000s\000i\000f\000i\000c\000a\000t\000i\000o\000n}{section.9.2}% 86
\BOOKMARK [1][-]{section.9.3}{\376\377\000H\000u\000m\000a\000n\000-\000i\000n\000-\000t\000h\000e\000-\000L\000o\000o\000p\000\040\000C\000o\000n\000s\000i\000d\000e\000r\000a\000t\000i\000o\000n\000s}{chapter.9}% 87
\BOOKMARK [1][-]{section.9.4}{\376\377\000L\000i\000m\000i\000t\000a\000t\000i\000o\000n\000s}{chapter.9}% 88
\BOOKMARK [0][-]{chapter.10}{\376\377\000C\000o\000n\000c\000l\000u\000s\000i\000o\000n\000s\000\040\000\046\000\040\000N\000e\000x\000t\000\040\000S\000t\000e\000p\000s}{}% 89
\BOOKMARK [1][-]{section.10.1}{\376\377\000S\000u\000m\000m\000a\000r\000y\000\040\000o\000f\000\040\000A\000c\000h\000i\000e\000v\000e\000m\000e\000n\000t\000s}{chapter.10}% 90
\BOOKMARK [1][-]{section.10.2}{\376\377\000L\000e\000s\000s\000o\000n\000s\000\040\000L\000e\000a\000r\000n\000e\000d}{chapter.10}% 91
\BOOKMARK [1][-]{section.10.3}{\376\377\000W\000h\000a\000t\000\040\000D\000i\000d\000\040\000N\000o\000t\000\040\000W\000o\000r\000k}{chapter.10}% 92
\BOOKMARK [1][-]{section.10.4}{\376\377\000A\000c\000t\000i\000o\000n\000a\000b\000l\000e\000\040\000N\000e\000x\000t\000\040\000S\000t\000e\000p\000s}{chapter.10}% 93
\BOOKMARK [1][-]{section.10.5}{\376\377\000M\000i\000l\000e\000s\000t\000o\000n\000e\000\040\000O\000u\000t\000l\000o\000o\000k}{chapter.10}% 94
\BOOKMARK [0][-]{chapter.11}{\376\377\000R\000e\000p\000r\000o\000d\000u\000c\000t\000i\000o\000n\000\040\000G\000u\000i\000d\000e}{}% 95
\BOOKMARK [1][-]{section.11.1}{\376\377\000P\000r\000e\000r\000e\000q\000u\000i\000s\000i\000t\000e\000s}{chapter.11}% 96
\BOOKMARK [1][-]{section.11.2}{\376\377\000I\000n\000s\000t\000a\000l\000l\000a\000t\000i\000o\000n}{chapter.11}% 97
\BOOKMARK [1][-]{section.11.3}{\376\377\000S\000t\000a\000r\000t\000i\000n\000g\000\040\000t\000h\000e\000\040\000S\000i\000m\000u\000l\000a\000t\000o\000r}{chapter.11}% 98
\BOOKMARK [1][-]{section.11.4}{\376\377\000T\000r\000a\000i\000n\000i\000n\000g\000\040\000C\000o\000m\000m\000a\000n\000d\000s}{chapter.11}% 99
\BOOKMARK [1][-]{section.11.5}{\376\377\000R\000e\000s\000u\000m\000i\000n\000g\000\040\000f\000r\000o\000m\000\040\000C\000h\000e\000c\000k\000p\000o\000i\000n\000t}{chapter.11}% 100
\BOOKMARK [1][-]{section.11.6}{\376\377\000V\000a\000l\000i\000d\000a\000t\000i\000o\000n}{chapter.11}% 101
\BOOKMARK [1][-]{section.11.7}{\376\377\000L\000i\000n\000t\000i\000n\000g\000\040\000\046\000\040\000F\000o\000r\000m\000a\000t\000t\000i\000n\000g}{chapter.11}% 102
\BOOKMARK [1][-]{section.11.8}{\376\377\000A\000r\000t\000i\000f\000a\000c\000t\000s}{chapter.11}% 103
\BOOKMARK [1][-]{section.11.9}{\376\377\000T\000r\000o\000u\000b\000l\000e\000s\000h\000o\000o\000t\000i\000n\000g}{chapter.11}% 104
\BOOKMARK [0][-]{chapter.A}{\376\377\000F\000u\000l\000l\000\040\000O\000b\000s\000e\000r\000v\000a\000t\000i\000o\000n\000\040\000S\000p\000a\000c\000e\000\040\000S\000p\000e\000c\000i\000f\000i\000c\000a\000t\000i\000o\000n}{}% 105
\BOOKMARK [1][-]{section.A.1}{\376\377\000T\000o\000k\000e\000n\000\040\000O\000v\000e\000r\000v\000i\000e\000w}{chapter.A}% 106
\BOOKMARK [1][-]{section.A.2}{\376\377\000P\000e\000r\000-\000P\000o\000k\000\351\000m\000o\000n\000\040\000T\000o\000k\000e\000n\000\040\000\050\0001\0006\0000\000\040\000d\000i\000m\000e\000n\000s\000i\000o\000n\000s\000\051}{chapter.A}% 107
\BOOKMARK [1][-]{section.A.3}{\376\377\000G\000l\000o\000b\000a\000l\000\040\000T\000o\000k\000e\000n\000\040\000\050\0001\0006\0004\000\040\000d\000i\000m\000e\000n\000s\000i\000o\000n\000s\000\051}{chapter.A}% 108
\BOOKMARK [1][-]{section.A.4}{\376\377\000C\000a\000t\000e\000g\000o\000r\000i\000c\000a\000l\000\040\000I\000D\000\040\000V\000e\000c\000t\000o\000r\000s}{chapter.A}% 109
\BOOKMARK [1][-]{section.A.5}{\376\377\000A\000c\000t\000i\000o\000n\000\040\000M\000a\000s\000k}{chapter.A}% 110
\BOOKMARK [1][-]{section.A.6}{\376\377\000A\000c\000t\000i\000o\000n\000\040\000S\000p\000a\000c\000e\000\040\000M\000a\000p\000p\000i\000n\000g}{chapter.A}% 111
